<?xml version="1.0" encoding="UTF-8"?>
<dataset>
    <PS_PRODUCT guid="p1" name="product1" description="description" image_url="/image" base_path="/product1" operator="false" optlock="0"/>
    <PS_PRODUCT guid="p2" name="product2" description="description" image_url="/image" base_path="/product2" operator="false" optlock="0"/>

    <PRODUCT_CLASSIFICATIONS product_guid="p1" classifications="c1" />
    <PRODUCT_CLASSIFICATIONS product_guid="p1" classifications="c2" />

    <PS_MICROFRONTEND guid="m1" app_id="mfe1" product_name="product1" remote_entry="remote-entry1"
                      exposed_module="exposed-module1" app_name="display_name1" remote_base_url="remote_base_url1"
                      operator="false" optlock="0"/>
    <PS_MICROFRONTEND guid="m2" app_id="mfe2" product_name="product2" remote_entry="remote-entry2"
                      exposed_module="exposed-module2" app_name="display_name2" remote_base_url="remote_base_url2"
                      operator="false" optlock="0"/>

    <PS_UI_ENDPOINT guid="ui1" microfrontend_id="m1" name="e1" path="p1" />
    <PS_UI_ENDPOINT guid="ui2" microfrontend_id="m1" name="e2" path="p2" />
</dataset>