<?xml version="1.0" encoding="UTF-8"?>
<dataset>
    <PRODUCT guid="p1" name="product1" description="description" image_url="/image" base_path="/product1" operator="false" optlock="0" classification="searching"/>
    <PRODUCT guid="p2" name="product2" description="description" image_url="/image" base_path="/product2" operator="false" optlock="0"/>

    <MICROFRONTEND guid="m1" app_id="mfe1" product_name="product1" remote_entry="remote-entry1"
                      exposed_module="exposed-module1" app_name="display_name1" remote_base_url="remote_base_url1"
                      operator="false" optlock="0" classification="searching" app_version="1.0.0" technology="Angular"/>
    <MICROFRONTEND guid="m2" app_id="mfe2" product_name="product2" remote_entry="remote-entry2"
                      exposed_module="exposed-module2" app_name="display_name2" remote_base_url="remote_base_url2"
                      operator="false" optlock="0"/>

    <MICROFRONTEND guid="mfe1" app_id="mfeOne" product_name="productOne" remote_entry="https://localhost/mfe/core/ah-mgmtv5/remoteEntry.js"
                      exposed_module="/AnnouncementManagementModule" app_name="coolname" remote_base_url="https://localhost/mfe/core/ah-mgmt/"
                      operator="false" optlock="0" app_version="1.0.0" contact="developers@1000kit.org" description="some text" icon_name="sun" note="some notes" technology="Angular" creationDate="2024-01-11 12:21:38.914993" modificationDate="2024-01-11 12:21:38.914993"
                      classification="searching"/>

    <MICROSERVICE guid="m1" app_id="ms1" product_name="product1" name="coolname" optlock="0" version="1.0.0" operator="false"/>
    <MICROSERVICE guid="m2" app_id="ms2" product_name="product2" optlock="0" operator="false"/>
    <MICROSERVICE guid="ms1" app_id="msOne" product_name="productOne" name="displayname-1" optlock="0" version="1.0.0" description="some text" creationDate="2024-01-11 12:21:38.914993" modificationDate="2024-01-11 12:21:38.914993" operator="false"/>

    <UI_ENDPOINT guid="ui1" microfrontend_id="m1" name="e1" path="p1" />
    <UI_ENDPOINT guid="ui2" microfrontend_id="m1" name="e2" path="p2" />
    <UI_ENDPOINT guid="mfe-uie-1" microfrontend_id="mfe1" name="search" path="/search" />

    <SLOT guid="s1" app_id="a1" product_name="product1" name="slot1" optlock="0" operator="false"/>
    <SLOT guid="s2" app_id="a2" product_name="product2" name="slot1" optlock="0" operator="false"/>
    <SLOT guid="s3" app_id="a3" product_name="product3" name="slot3" optlock="0" description="some text" creationDate="2024-01-11 12:21:38.914993" modificationDate="2024-01-11 12:21:38.914993" operator="false"/>

</dataset>